Welcome to UMB Scheme, version 3.2  Copyright (c) 1988,1996 William R Campbell.
UMB Scheme comes with ABSOLUTELY NO WARRANTY. This is free software and
you are free to redistribute it under certain conditions.
See the UMB Scheme Release Notes for details. Type Control-d to exit.

Loading /home/offner/tools/lib/prelude.scheme...

==> Loading s450.scm...
... loaded the metacircular evaluator. (s450) runs it.

--------------------------------------------------------
test delayed [20]:

()
==> 

s450==> 1

s450==> s450error: Unbound variable exit

s450==> s450error: Unbound variable display*

s450==> s450error: Unbound variable s450

s450==> (stream-car s)

s450==> s450error: Unbound variable exit

s450==> s450error: Unbound variable display*

s450==> s450error: Unbound variable s450

s450==> ((1 . 4) . 5)

s450==> s450error: Unbound variable exit

s450==> s450error: Unbound variable display*

s450==> s450error: Unbound variable s450

s450==> 2
()

s450==> s450error: Unbound variable exit

s450==> s450error: Unbound variable display*

s450==> s450error: Unbound variable s450

s450==> (1 . 2)
(10 . 20)

s450==> 1

s450==> 20

s450==> (1 . 2)
s450error: Unbound variable -- SET! 2

s450==> s450error: Unbound variable exit

s450==> s450error: Unbound variable display*

s450==> s450error: Unbound variable s450

s450==> 5

s450==> 5

s450==> 2

s450==> s450error: Unbound variable exit

s450==> s450error: Unbound variable display*

s450==> s450error: Unbound variable s450

s450==> 
==> 
Exiting the s450 interpreter.
()
==> 
--------------------------------------------------------
test error return to s450 prompt (+ 3 zzz) [5]:

()
==> 

s450==> s450error: Unbound variable zzz

s450==> 
Exiting the s450 interpreter.
()
==> 